<?xml version="1.0" encoding="UTF-8"?>
<testsuite xmlns:xsi="http://www.w3.org/2001/XMLSchema-instance" xsi:noNamespaceSchemaLocation="https://maven.apache.org/surefire/maven-surefire-plugin/xsd/surefire-test-report-3.0.xsd" version="3.0" name="pkgUT.TestPMT" time="0.016" tests="3" errors="0" skipped="0" failures="0">
  <properties>
    <property name="java.specification.version" value="20"/>
    <property name="sun.jnu.encoding" value="UTF-8"/>
    <property name="java.class.path" value="/Users/tommymouchantaf/git/FinalExamStarter/StudentLoanCalc/target/test-classes:/Users/tommymouchantaf/.m2/repository/com/sun/activation/javax.activation/1.2.0/javax.activation-1.2.0.jar:/Users/tommymouchantaf/.m2/repository/org/junit/jupiter/junit-jupiter-api/5.3.1/junit-jupiter-api-5.3.1.jar:/Users/tommymouchantaf/.m2/repository/org/apiguardian/apiguardian-api/1.0.0/apiguardian-api-1.0.0.jar:/Users/tommymouchantaf/.m2/repository/org/opentest4j/opentest4j/1.1.1/opentest4j-1.1.1.jar:/Users/tommymouchantaf/.m2/repository/org/junit/jupiter/junit-jupiter-engine/5.3.1/junit-jupiter-engine-5.3.1.jar:/Users/tommymouchantaf/.m2/repository/org/junit/platform/junit-platform-engine/1.3.1/junit-platform-engine-1.3.1.jar:/Users/tommymouchantaf/.m2/repository/commons-codec/commons-codec/1.13/commons-codec-1.13.jar:/Users/tommymouchantaf/.m2/repository/org/apache/commons/commons-collections4/4.4/commons-collections4-4.4.jar:/Users/tommymouchantaf/.m2/repository/org/apache/commons/commons-math3/3.6.1/commons-math3-3.6.1.jar:/Users/tommymouchantaf/.m2/repository/org/openjfx/javafx-controls/17.0.1/javafx-controls-17.0.1.jar:/Users/tommymouchantaf/.m2/repository/org/openjfx/javafx-graphics/17.0.1/javafx-graphics-17.0.1.jar:/Users/tommymouchantaf/.m2/repository/org/openjfx/javafx-base/17.0.1/javafx-base-17.0.1.jar:/Users/tommymouchantaf/.m2/repository/org/openjfx/javafx-fxml/17.0.1/javafx-fxml-17.0.1.jar:/Users/tommymouchantaf/.m2/repository/org/junit/platform/junit-platform-commons/1.5.2/junit-platform-commons-1.5.2.jar:/Users/tommymouchantaf/.m2/repository/com/yahoofinance-api/YahooFinanceAPI/3.5.0/YahooFinanceAPI-3.5.0.jar:"/>
    <property name="java.vm.vendor" value="Oracle Corporation"/>
    <property name="sun.arch.data.model" value="64"/>
    <property name="java.vendor.url" value="https://java.oracle.com/"/>
    <property name="user.timezone" value="America/New_York"/>
    <property name="os.name" value="Mac OS X"/>
    <property name="java.vm.specification.version" value="20"/>
    <property name="sun.java.launcher" value="SUN_STANDARD"/>
    <property name="user.country" value="US"/>
    <property name="sun.boot.library.path" value="/Library/Java/JavaVirtualMachines/jdk-20.jdk/Contents/Home/lib"/>
    <property name="sun.java.command" value="org.apache.maven.surefire.booter.ForkedBooter /Users/tommymouchantaf/git/FinalExamStarter/StudentLoanCalc/target/surefire 2023-11-30T15-54-03_420-jvmRun1 surefire-20231130155403542_1tmp surefire_0-20231130155403542_2tmp"/>
    <property name="http.nonProxyHosts" value="local|*.local|169.254/16|*.169.254/16"/>
    <property name="jdk.debug" value="release"/>
    <property name="surefire.test.class.path" value="/Users/tommymouchantaf/git/FinalExamStarter/StudentLoanCalc/target/test-classes:/Users/tommymouchantaf/.m2/repository/com/sun/activation/javax.activation/1.2.0/javax.activation-1.2.0.jar:/Users/tommymouchantaf/.m2/repository/org/junit/jupiter/junit-jupiter-api/5.3.1/junit-jupiter-api-5.3.1.jar:/Users/tommymouchantaf/.m2/repository/org/apiguardian/apiguardian-api/1.0.0/apiguardian-api-1.0.0.jar:/Users/tommymouchantaf/.m2/repository/org/opentest4j/opentest4j/1.1.1/opentest4j-1.1.1.jar:/Users/tommymouchantaf/.m2/repository/org/junit/jupiter/junit-jupiter-engine/5.3.1/junit-jupiter-engine-5.3.1.jar:/Users/tommymouchantaf/.m2/repository/org/junit/platform/junit-platform-engine/1.3.1/junit-platform-engine-1.3.1.jar:/Users/tommymouchantaf/.m2/repository/commons-codec/commons-codec/1.13/commons-codec-1.13.jar:/Users/tommymouchantaf/.m2/repository/org/apache/commons/commons-collections4/4.4/commons-collections4-4.4.jar:/Users/tommymouchantaf/.m2/repository/org/apache/commons/commons-math3/3.6.1/commons-math3-3.6.1.jar:/Users/tommymouchantaf/.m2/repository/org/openjfx/javafx-controls/17.0.1/javafx-controls-17.0.1.jar:/Users/tommymouchantaf/.m2/repository/org/openjfx/javafx-graphics/17.0.1/javafx-graphics-17.0.1.jar:/Users/tommymouchantaf/.m2/repository/org/openjfx/javafx-base/17.0.1/javafx-base-17.0.1.jar:/Users/tommymouchantaf/.m2/repository/org/openjfx/javafx-fxml/17.0.1/javafx-fxml-17.0.1.jar:/Users/tommymouchantaf/.m2/repository/org/junit/platform/junit-platform-commons/1.5.2/junit-platform-commons-1.5.2.jar:/Users/tommymouchantaf/.m2/repository/com/yahoofinance-api/YahooFinanceAPI/3.5.0/YahooFinanceAPI-3.5.0.jar:"/>
    <property name="sun.cpu.endian" value="little"/>
    <property name="user.home" value="/Users/tommymouchantaf"/>
    <property name="user.language" value="en"/>
    <property name="java.specification.vendor" value="Oracle Corporation"/>
    <property name="jdk.module.path" value="/Users/tommymouchantaf/git/FinalExamStarter/StudentLoanCalc/target/classes:/Users/tommymouchantaf/.m2/repository/org/apache/poi/poi/4.1.1/poi-4.1.1.jar:/Users/tommymouchantaf/.m2/repository/org/openjfx/javafx-controls/17.0.1/javafx-controls-17.0.1-mac-aarch64.jar:/Users/tommymouchantaf/.m2/repository/org/openjfx/javafx-media/17.0.1/javafx-media-17.0.1-mac.jar:/Users/tommymouchantaf/.m2/repository/org/openjfx/javafx-graphics/17.0.1/javafx-graphics-17.0.1-mac.jar:/Users/tommymouchantaf/.m2/repository/org/openjfx/javafx-base/17.0.1/javafx-base-17.0.1-mac-aarch64.jar:/Users/tommymouchantaf/.m2/repository/org/openjfx/javafx-fxml/17.0.1/javafx-fxml-17.0.1-mac-aarch64.jar"/>
    <property name="java.version.date" value="2023-07-18"/>
    <property name="java.home" value="/Library/Java/JavaVirtualMachines/jdk-20.jdk/Contents/Home"/>
    <property name="file.separator" value="/"/>
    <property name="basedir" value="/Users/tommymouchantaf/git/FinalExamStarter/StudentLoanCalc"/>
    <property name="style.color" value="always"/>
    <property name="java.vm.compressedOopsMode" value="Zero based"/>
    <property name="line.separator" value="&#10;"/>
    <property name="java.vm.specification.vendor" value="Oracle Corporation"/>
    <property name="java.specification.name" value="Java Platform API Specification"/>
    <property name="apple.awt.application.name" value="ForkedBooter"/>
    <property name="surefire.real.class.path" value="/Users/tommymouchantaf/.m2/repository/org/apache/maven/surefire/surefire-booter/3.0.0/surefire-booter-3.0.0.jar:/Users/tommymouchantaf/.m2/repository/org/apache/maven/surefire/surefire-api/3.0.0/surefire-api-3.0.0.jar:/Users/tommymouchantaf/.m2/repository/org/apache/maven/surefire/surefire-extensions-spi/3.0.0/surefire-extensions-spi-3.0.0.jar:/Users/tommymouchantaf/.m2/repository/org/apache/maven/surefire/surefire-logger-api/3.0.0/surefire-logger-api-3.0.0.jar:/Users/tommymouchantaf/.m2/repository/org/apache/maven/surefire/surefire-shared-utils/3.0.0/surefire-shared-utils-3.0.0.jar:/Users/tommymouchantaf/git/FinalExamStarter/StudentLoanCalc/target/test-classes:/Users/tommymouchantaf/.m2/repository/com/sun/activation/javax.activation/1.2.0/javax.activation-1.2.0.jar:/Users/tommymouchantaf/.m2/repository/org/junit/jupiter/junit-jupiter-api/5.3.1/junit-jupiter-api-5.3.1.jar:/Users/tommymouchantaf/.m2/repository/org/apiguardian/apiguardian-api/1.0.0/apiguardian-api-1.0.0.jar:/Users/tommymouchantaf/.m2/repository/org/opentest4j/opentest4j/1.1.1/opentest4j-1.1.1.jar:/Users/tommymouchantaf/.m2/repository/org/junit/jupiter/junit-jupiter-engine/5.3.1/junit-jupiter-engine-5.3.1.jar:/Users/tommymouchantaf/.m2/repository/org/junit/platform/junit-platform-engine/1.3.1/junit-platform-engine-1.3.1.jar:/Users/tommymouchantaf/.m2/repository/commons-codec/commons-codec/1.13/commons-codec-1.13.jar:/Users/tommymouchantaf/.m2/repository/org/apache/commons/commons-collections4/4.4/commons-collections4-4.4.jar:/Users/tommymouchantaf/.m2/repository/org/apache/commons/commons-math3/3.6.1/commons-math3-3.6.1.jar:/Users/tommymouchantaf/.m2/repository/org/openjfx/javafx-controls/17.0.1/javafx-controls-17.0.1.jar:/Users/tommymouchantaf/.m2/repository/org/openjfx/javafx-graphics/17.0.1/javafx-graphics-17.0.1.jar:/Users/tommymouchantaf/.m2/repository/org/openjfx/javafx-base/17.0.1/javafx-base-17.0.1.jar:/Users/tommymouchantaf/.m2/repository/org/openjfx/javafx-fxml/17.0.1/javafx-fxml-17.0.1.jar:/Users/tommymouchantaf/.m2/repository/org/junit/platform/junit-platform-commons/1.5.2/junit-platform-commons-1.5.2.jar:/Users/tommymouchantaf/.m2/repository/com/yahoofinance-api/YahooFinanceAPI/3.5.0/YahooFinanceAPI-3.5.0.jar:/Users/tommymouchantaf/.m2/repository/org/apache/maven/surefire/surefire-junit-platform/3.0.0/surefire-junit-platform-3.0.0.jar:/Users/tommymouchantaf/.m2/repository/org/apache/maven/surefire/common-java5/3.0.0/common-java5-3.0.0.jar:/Users/tommymouchantaf/.m2/repository/org/junit/platform/junit-platform-launcher/1.5.2/junit-platform-launcher-1.5.2.jar"/>
    <property name="sun.management.compiler" value="HotSpot 64-Bit Tiered Compilers"/>
    <property name="ftp.nonProxyHosts" value="local|*.local|169.254/16|*.169.254/16"/>
    <property name="java.runtime.version" value="20.0.2+9-78"/>
    <property name="user.name" value="tommymouchantaf"/>
    <property name="stdout.encoding" value="UTF-8"/>
    <property name="path.separator" value=":"/>
    <property name="os.version" value="14.0"/>
    <property name="java.runtime.name" value="Java(TM) SE Runtime Environment"/>
    <property name="file.encoding" value="UTF-8"/>
    <property name="java.vm.name" value="Java HotSpot(TM) 64-Bit Server VM"/>
    <property name="localRepository" value="/Users/tommymouchantaf/.m2/repository"/>
    <property name="java.vendor.url.bug" value="https://bugreport.java.com/bugreport/"/>
    <property name="java.io.tmpdir" value="/var/folders/gx/h4h01k2n5t3gkwq3v1gzcy540000gn/T/"/>
    <property name="java.version" value="20.0.2"/>
    <property name="user.dir" value="/Users/tommymouchantaf/git/FinalExamStarter/StudentLoanCalc"/>
    <property name="os.arch" value="aarch64"/>
    <property name="java.vm.specification.name" value="Java Virtual Machine Specification"/>
    <property name="native.encoding" value="UTF-8"/>
    <property name="java.library.path" value="/Users/tommymouchantaf/Library/Java/Extensions:/Library/Java/Extensions:/Network/Library/Java/Extensions:/System/Library/Java/Extensions:/usr/lib/java:."/>
    <property name="java.vm.info" value="mixed mode"/>
    <property name="stderr.encoding" value="UTF-8"/>
    <property name="java.vendor" value="Oracle Corporation"/>
    <property name="java.vm.version" value="20.0.2+9-78"/>
    <property name="sun.io.unicode.encoding" value="UnicodeBig"/>
    <property name="socksNonProxyHosts" value="local|*.local|169.254/16|*.169.254/16"/>
    <property name="java.class.version" value="64.0"/>
  </properties>
  <testcase name="TestPMT" classname="pkgUT.TestPMT" time="0.004"/>
  <testcase name="TestLoanWithExtraPayment" classname="pkgUT.TestPMT" time="0.007"/>
  <testcase name="TestLoanWithNoExtraPayment" classname="pkgUT.TestPMT" time="0"/>
</testsuite>